warning: neovim-0.4.4-1 is up to date -- skipping
warning: git-2.31.1-1 is up to date -- skipping
warning: zsh-5.8-1 is up to date -- skipping
warning: wget-1.21.1-1 is up to date -- skipping
warning: tmux-3.2-1 is up to date -- skipping
warning: sed-4.8-1 is up to date -- skipping
warning: openssl-1.1.1.k-1 is up to date -- skipping
warning: openssh-8.6p1-1 is up to date -- skipping
warning: notification-daemon-3.20.0-4 is up to date -- skipping
warning: jq-1.6-4 is up to date -- skipping
warning: fzf-0.27.0-1 is up to date -- skipping
warning: dunst-1.5.0-1 is up to date -- skipping
 there is nothing to do
resolving dependencies...
warning: xorg-server-1.20.11-1 is up to date -- skipping
looking for conflicting packages...

Packages (4) xorg-xauth-1.1-2  xorg-xmodmap-1.0.10-2  xorg-xrdb-1.2.0-2  xorg-xinit-1.4.1-3

Total Download Size:   0.08 MiB
Total Installed Size:  0.18 MiB

:: Proceed with installation? [Y/n] 
:: Retrieving packages...
downloading xorg-xauth-1.1-2-x86_64.pkg.tar.zst...
downloading xorg-xrdb-1.2.0-2-x86_64.pkg.tar.zst...
downloading xorg-xmodmap-1.0.10-2-x86_64.pkg.tar.zst...
downloading xorg-xinit-1.4.1-3-x86_64.pkg.tar.zst...
checking keyring...
checking package integrity...
loading package files...
checking for file conflicts...
checking available disk space...
:: Processing package changes...
installing xorg-xauth...
installing xorg-xrdb...
Optional dependencies for xorg-xrdb
    gcc: for preprocessing [installed]
    mcpp: a lightweight alternative for preprocessing
installing xorg-xmodmap...
installing xorg-xinit...
Optional dependencies for xorg-xinit
    xorg-twm
    xterm
:: Running post-transaction hooks...
(1/1) Arming ConditionNeedsUpdate...
resolving dependencies...
warning: libva-intel-driver-2.4.1-1 is up to date -- reinstalling
warning: xf86-video-intel-1:2.99.917+916+g31486f40-1 is up to date -- reinstalling
looking for conflicting packages...

Packages (2) libva-intel-driver-2.4.1-1  xf86-video-intel-1:2.99.917+916+g31486f40-1

Total Installed Size:  9.95 MiB
Net Upgrade Size:      0.00 MiB

:: Proceed with installation? [Y/n] 
checking keyring...
checking package integrity...
loading package files...
checking for file conflicts...
checking available disk space...
:: Processing package changes...
reinstalling libva-intel-driver...
reinstalling xf86-video-intel...
:: Running post-transaction hooks...
(1/1) Arming ConditionNeedsUpdate...
warning: i3-gaps-4.19.1-1 is up to date -- skipping
warning: i3status-2.13-3 is up to date -- skipping
warning: i3lock-2.13-1 is up to date -- skipping
warning: dmenu-5.0-1 is up to date -- skipping
warning: feh-3.6.3-1 is up to date -- skipping
warning: powerline-2.8.2-2 is up to date -- skipping
warning: powerline-common-2.8.2-2 is up to date -- skipping
warning: powerline-fonts-2.8.2-2 is up to date -- skipping
 there is nothing to do
warning: chromium-90.0.4430.93-1 is up to date -- skipping
 there is nothing to do
warning: pulseaudio-14.2-3 is up to date -- skipping
warning: pulseaudio-alsa-1:1.2.2-2 is up to date -- skipping
warning: pulseaudio-bluetooth-14.2-3 is up to date -- skipping
warning: blueman-2.1.4-1 is up to date -- skipping
warning: bluez-5.58-1 is up to date -- skipping
warning: bluez-utils-5.58-1 is up to date -- skipping
warning: alsa-utils-1.2.4-2 is up to date -- skipping
 there is nothing to do
warning: ruby-3.0.1-1 is up to date -- skipping
warning: rust-1:1.51.0-1 is up to date -- skipping
warning: nodejs-16.0.0-1 is up to date -- skipping
warning: python-3.9.4-1 is up to date -- skipping
warning: python2-2.7.18-3 is up to date -- skipping
warning: perl-5.32.1-1 is up to date -- skipping
warning: go-2:1.16.3-1 is up to date -- skipping
 there is nothing to do
warning: terminator-2.1.1-2 is up to date -- skipping
warning: tmate-2.4.0-2 is up to date -- skipping
warning: mariadb-10.5.9-1 is up to date -- skipping
warning: aws-cli-1.19.55-1 is up to date -- skipping
warning: diff-so-fancy-1.3.0-1 is up to date -- skipping
 there is nothing to do
